mode: set
github.com/danielHieu/simple_bank/db/sqlc/account.sql.go:24.104,35.2 4 1
github.com/danielHieu/simple_bank/db/sqlc/account.sql.go:54.96,65.2 4 1
github.com/danielHieu/simple_bank/db/sqlc/account.sql.go:71.70,74.2 2 1
github.com/danielHieu/simple_bank/db/sqlc/account.sql.go:81.78,92.2 4 1
github.com/danielHieu/simple_bank/db/sqlc/account.sql.go:100.87,111.2 4 0
github.com/danielHieu/simple_bank/db/sqlc/account.sql.go:125.96,127.16 2 1
github.com/danielHieu/simple_bank/db/sqlc/account.sql.go:127.16,129.3 1 0
github.com/danielHieu/simple_bank/db/sqlc/account.sql.go:130.2,132.18 3 1
github.com/danielHieu/simple_bank/db/sqlc/account.sql.go:132.18,140.17 2 1
github.com/danielHieu/simple_bank/db/sqlc/account.sql.go:140.17,142.4 1 0
github.com/danielHieu/simple_bank/db/sqlc/account.sql.go:143.3,143.27 1 1
github.com/danielHieu/simple_bank/db/sqlc/account.sql.go:145.2,145.37 1 1
github.com/danielHieu/simple_bank/db/sqlc/account.sql.go:145.37,147.3 1 0
github.com/danielHieu/simple_bank/db/sqlc/account.sql.go:148.2,148.35 1 1
github.com/danielHieu/simple_bank/db/sqlc/account.sql.go:148.35,150.3 1 0
github.com/danielHieu/simple_bank/db/sqlc/account.sql.go:151.2,151.19 1 1
github.com/danielHieu/simple_bank/db/sqlc/account.sql.go:166.96,177.2 4 1
github.com/danielHieu/simple_bank/db/sqlc/db.go:19.28,21.2 1 1
github.com/danielHieu/simple_bank/db/sqlc/db.go:27.47,31.2 1 0
github.com/danielHieu/simple_bank/db/sqlc/entry.sql.go:27.90,37.2 4 1
github.com/danielHieu/simple_bank/db/sqlc/entry.sql.go:43.68,46.2 2 0
github.com/danielHieu/simple_bank/db/sqlc/entry.sql.go:53.74,63.2 4 1
github.com/danielHieu/simple_bank/db/sqlc/entry.sql.go:77.92,79.16 2 0
github.com/danielHieu/simple_bank/db/sqlc/entry.sql.go:79.16,81.3 1 0
github.com/danielHieu/simple_bank/db/sqlc/entry.sql.go:82.2,84.18 3 0
github.com/danielHieu/simple_bank/db/sqlc/entry.sql.go:84.18,91.17 2 0
github.com/danielHieu/simple_bank/db/sqlc/entry.sql.go:91.17,93.4 1 0
github.com/danielHieu/simple_bank/db/sqlc/entry.sql.go:94.3,94.27 1 0
github.com/danielHieu/simple_bank/db/sqlc/entry.sql.go:96.2,96.37 1 0
github.com/danielHieu/simple_bank/db/sqlc/entry.sql.go:96.37,98.3 1 0
github.com/danielHieu/simple_bank/db/sqlc/entry.sql.go:99.2,99.35 1 0
github.com/danielHieu/simple_bank/db/sqlc/entry.sql.go:99.35,101.3 1 0
github.com/danielHieu/simple_bank/db/sqlc/entry.sql.go:102.2,102.19 1 0
github.com/danielHieu/simple_bank/db/sqlc/entry.sql.go:117.90,127.2 4 0
github.com/danielHieu/simple_bank/db/sqlc/store.go:15.34,20.2 1 1
github.com/danielHieu/simple_bank/db/sqlc/store.go:22.80,24.16 2 1
github.com/danielHieu/simple_bank/db/sqlc/store.go:24.16,26.3 1 0
github.com/danielHieu/simple_bank/db/sqlc/store.go:28.2,30.16 3 1
github.com/danielHieu/simple_bank/db/sqlc/store.go:30.16,31.43 1 0
github.com/danielHieu/simple_bank/db/sqlc/store.go:31.43,33.4 1 0
github.com/danielHieu/simple_bank/db/sqlc/store.go:34.3,34.13 1 0
github.com/danielHieu/simple_bank/db/sqlc/store.go:37.2,37.20 1 1
github.com/danielHieu/simple_bank/db/sqlc/store.go:56.101,59.50 2 1
github.com/danielHieu/simple_bank/db/sqlc/store.go:59.50,67.17 3 1
github.com/danielHieu/simple_bank/db/sqlc/store.go:67.17,69.4 1 0
github.com/danielHieu/simple_bank/db/sqlc/store.go:71.3,75.17 2 1
github.com/danielHieu/simple_bank/db/sqlc/store.go:75.17,77.4 1 0
github.com/danielHieu/simple_bank/db/sqlc/store.go:79.3,83.17 2 1
github.com/danielHieu/simple_bank/db/sqlc/store.go:83.17,85.4 1 0
github.com/danielHieu/simple_bank/db/sqlc/store.go:88.3,88.42 1 1
github.com/danielHieu/simple_bank/db/sqlc/store.go:88.42,90.4 1 1
github.com/danielHieu/simple_bank/db/sqlc/store.go:90.9,92.4 1 1
github.com/danielHieu/simple_bank/db/sqlc/store.go:94.3,94.13 1 1
github.com/danielHieu/simple_bank/db/sqlc/store.go:96.2,96.20 1 1
github.com/danielHieu/simple_bank/db/sqlc/store.go:105.51,110.16 2 1
github.com/danielHieu/simple_bank/db/sqlc/store.go:110.16,112.3 1 0
github.com/danielHieu/simple_bank/db/sqlc/store.go:113.2,117.8 2 1
github.com/danielHieu/simple_bank/db/sqlc/transfer.sql.go:29.99,40.2 4 1
github.com/danielHieu/simple_bank/db/sqlc/transfer.sql.go:46.71,49.2 2 1
github.com/danielHieu/simple_bank/db/sqlc/transfer.sql.go:56.80,67.2 4 1
github.com/danielHieu/simple_bank/db/sqlc/transfer.sql.go:86.99,93.16 2 1
github.com/danielHieu/simple_bank/db/sqlc/transfer.sql.go:93.16,95.3 1 0
github.com/danielHieu/simple_bank/db/sqlc/transfer.sql.go:96.2,98.18 3 1
github.com/danielHieu/simple_bank/db/sqlc/transfer.sql.go:98.18,106.17 2 1
github.com/danielHieu/simple_bank/db/sqlc/transfer.sql.go:106.17,108.4 1 0
github.com/danielHieu/simple_bank/db/sqlc/transfer.sql.go:109.3,109.27 1 1
github.com/danielHieu/simple_bank/db/sqlc/transfer.sql.go:111.2,111.37 1 1
github.com/danielHieu/simple_bank/db/sqlc/transfer.sql.go:111.37,113.3 1 0
github.com/danielHieu/simple_bank/db/sqlc/transfer.sql.go:114.2,114.35 1 1
github.com/danielHieu/simple_bank/db/sqlc/transfer.sql.go:114.35,116.3 1 0
github.com/danielHieu/simple_bank/db/sqlc/transfer.sql.go:117.2,117.19 1 1
github.com/danielHieu/simple_bank/db/sqlc/transfer.sql.go:132.99,143.2 4 1
